This is pdfTeX, Version 3.1415926-2.4-1.40.13 (TeX Live 2012) (format=pdflatex 2012.6.30)  26 JAN 2016 11:40
entering extended mode
 restricted \write18 enabled.
 %&-line parsing enabled.
**13beaches-Supporting-Appendix-160126.tex
(./13beaches-Supporting-Appendix-160126.tex
LaTeX2e <2011/06/27>
Babel <v3.8m> and hyphenation patterns for english, dumylang, nohyphenation, ge
rman-x-2012-05-30, ngerman-x-2012-05-30, afrikaans, ancientgreek, ibycus, arabi
c, armenian, basque, bulgarian, catalan, pinyin, coptic, croatian, czech, danis
h, dutch, ukenglish, usenglishmax, esperanto, estonian, ethiopic, farsi, finnis
h, french, friulan, galician, german, ngerman, swissgerman, monogreek, greek, h
ungarian, icelandic, assamese, bengali, gujarati, hindi, kannada, malayalam, ma
rathi, oriya, panjabi, tamil, telugu, indonesian, interlingua, irish, italian, 
kurmanji, latin, latvian, lithuanian, mongolian, mongolianlmc, bokmal, nynorsk,
 polish, portuguese, romanian, romansh, russian, sanskrit, serbian, serbianc, s
lovak, slovenian, spanish, swedish, turkish, turkmen, ukrainian, uppersorbian, 
welsh, loaded.
(/usr/local/texlive/2012/texmf-dist/tex/latex/base/article.cls
Document Class: article 2007/10/19 v1.4h Standard LaTeX document class
(/usr/local/texlive/2012/texmf-dist/tex/latex/base/size12.clo
File: size12.clo 2007/10/19 v1.4h Standard LaTeX file (size option)
)
\c@part=\count79
\c@section=\count80
\c@subsection=\count81
\c@subsubsection=\count82
\c@paragraph=\count83
\c@subparagraph=\count84
\c@figure=\count85
\c@table=\count86
\abovecaptionskip=\skip41
\belowcaptionskip=\skip42
\bibindent=\dimen102
)
(/usr/local/texlive/2012/texmf-dist/tex/latex/graphics/graphicx.sty
Package: graphicx 1999/02/16 v1.0f Enhanced LaTeX Graphics (DPC,SPQR)

(/usr/local/texlive/2012/texmf-dist/tex/latex/graphics/keyval.sty
Package: keyval 1999/03/16 v1.13 key=value parser (DPC)
\KV@toks@=\toks14
)
(/usr/local/texlive/2012/texmf-dist/tex/latex/graphics/graphics.sty
Package: graphics 2009/02/05 v1.0o Standard LaTeX Graphics (DPC,SPQR)

(/usr/local/texlive/2012/texmf-dist/tex/latex/graphics/trig.sty
Package: trig 1999/03/16 v1.09 sin cos tan (DPC)
)
(/usr/local/texlive/2012/texmf-dist/tex/latex/latexconfig/graphics.cfg
File: graphics.cfg 2010/04/23 v1.9 graphics configuration of TeX Live
)
Package graphics Info: Driver file: pdftex.def on input line 91.

(/usr/local/texlive/2012/texmf-dist/tex/latex/pdftex-def/pdftex.def
File: pdftex.def 2011/05/27 v0.06d Graphics/color for pdfTeX

(/usr/local/texlive/2012/texmf-dist/tex/generic/oberdiek/infwarerr.sty
Package: infwarerr 2010/04/08 v1.3 Providing info/warning/error messages (HO)
)
(/usr/local/texlive/2012/texmf-dist/tex/generic/oberdiek/ltxcmds.sty
Package: ltxcmds 2011/11/09 v1.22 LaTeX kernel commands for general use (HO)
)
\Gread@gobject=\count87
))
\Gin@req@height=\dimen103
\Gin@req@width=\dimen104
)
(/usr/local/texlive/2012/texmf-dist/tex/latex/graphics/color.sty
Package: color 2005/11/14 v1.0j Standard LaTeX Color (DPC)

(/usr/local/texlive/2012/texmf-dist/tex/latex/latexconfig/color.cfg
File: color.cfg 2007/01/18 v1.5 color configuration of teTeX/TeXLive
)
Package color Info: Driver file: pdftex.def on input line 130.
)
(/usr/local/texlive/2012/texmf-dist/tex/latex/framed/framed.sty
Package: framed 2011/10/22 v 0.96: framed or shaded text with page breaks
\OuterFrameSep=\skip43
\fb@frw=\dimen105
\fb@frh=\dimen106
\FrameRule=\dimen107
\FrameSep=\dimen108
)
(/usr/local/texlive/2012/texmf-dist/tex/latex/base/alltt.sty
Package: alltt 1997/06/16 v2.0g defines alltt environment
)
(/usr/local/texlive/2012/texmf-dist/tex/latex/base/fontenc.sty
Package: fontenc 2005/09/27 v1.99g Standard LaTeX package

(/usr/local/texlive/2012/texmf-dist/tex/latex/base/t1enc.def
File: t1enc.def 2005/09/27 v1.99g Standard LaTeX file
LaTeX Font Info:    Redeclaring font encoding T1 on input line 43.
))
(/usr/local/texlive/2012/texmf-dist/tex/latex/base/inputenc.sty
Package: inputenc 2008/03/30 v1.1d Input encoding file
\inpenc@prehook=\toks15
\inpenc@posthook=\toks16

(/usr/local/texlive/2012/texmf-dist/tex/latex/base/latin1.def
File: latin1.def 2008/03/30 v1.1d Input encoding file
))
(/usr/local/texlive/2012/texmf-dist/tex/latex/aeguill/aeguill.sty
Package: aeguill 2003/08/02 1.02 AE fonts with french guillemets (D. Roegel)

(/usr/local/texlive/2012/texmf-dist/tex/latex/ae/ae.sty
Package: ae 2001/02/12 1.3 Almost European Computer Modern

(/usr/local/texlive/2012/texmf-dist/tex/latex/base/fontenc.sty
Package: fontenc 2005/09/27 v1.99g Standard LaTeX package

(/usr/local/texlive/2012/texmf-dist/tex/latex/base/t1enc.def
File: t1enc.def 2005/09/27 v1.99g Standard LaTeX file
LaTeX Font Info:    Redeclaring font encoding T1 on input line 43.
)
LaTeX Font Info:    Try loading font information for T1+aer on input line 100.

(/usr/local/texlive/2012/texmf-dist/tex/latex/ae/t1aer.fd
File: t1aer.fd 1997/11/16 Font definitions for T1/aer.
))))
(/usr/local/texlive/2012/texmf-dist/tex/latex/fancyhdr/fancyhdr.sty
\fancy@headwidth=\skip44
\f@ncyO@elh=\skip45
\f@ncyO@erh=\skip46
\f@ncyO@olh=\skip47
\f@ncyO@orh=\skip48
\f@ncyO@elf=\skip49
\f@ncyO@erf=\skip50
\f@ncyO@olf=\skip51
\f@ncyO@orf=\skip52
)
(/usr/local/texlive/2012/texmf-dist/tex/latex/amsfonts/amsfonts.sty
Package: amsfonts 2009/06/22 v3.00 Basic AMSFonts support
\@emptytoks=\toks17
\symAMSa=\mathgroup4
\symAMSb=\mathgroup5
LaTeX Font Info:    Overwriting math alphabet `\mathfrak' in version `bold'
(Font)                  U/euf/m/n --> U/euf/b/n on input line 96.
)
(/usr/local/texlive/2012/texmf-dist/tex/latex/amsfonts/amssymb.sty
Package: amssymb 2009/06/22 v3.00
)
(/usr/local/texlive/2012/texmf-dist/tex/latex/amsmath/amsmath.sty
Package: amsmath 2000/07/18 v2.13 AMS math features
\@mathmargin=\skip53

For additional information on amsmath, use the `?' option.
(/usr/local/texlive/2012/texmf-dist/tex/latex/amsmath/amstext.sty
Package: amstext 2000/06/29 v2.01

(/usr/local/texlive/2012/texmf-dist/tex/latex/amsmath/amsgen.sty
File: amsgen.sty 1999/11/30 v2.0
\@emptytoks=\toks18
\ex@=\dimen109
))
(/usr/local/texlive/2012/texmf-dist/tex/latex/amsmath/amsbsy.sty
Package: amsbsy 1999/11/29 v1.2d
\pmbraise@=\dimen110
)
(/usr/local/texlive/2012/texmf-dist/tex/latex/amsmath/amsopn.sty
Package: amsopn 1999/12/14 v2.01 operator names
)
\inf@bad=\count88
LaTeX Info: Redefining \frac on input line 211.
\uproot@=\count89
\leftroot@=\count90
LaTeX Info: Redefining \overline on input line 307.
\classnum@=\count91
\DOTSCASE@=\count92
LaTeX Info: Redefining \ldots on input line 379.
LaTeX Info: Redefining \dots on input line 382.
LaTeX Info: Redefining \cdots on input line 467.
\Mathstrutbox@=\box26
\strutbox@=\box27
\big@size=\dimen111
LaTeX Font Info:    Redeclaring font encoding OML on input line 567.
LaTeX Font Info:    Redeclaring font encoding OMS on input line 568.
\macc@depth=\count93
\c@MaxMatrixCols=\count94
\dotsspace@=\muskip10
\c@parentequation=\count95
\dspbrk@lvl=\count96
\tag@help=\toks19
\row@=\count97
\column@=\count98
\maxfields@=\count99
\andhelp@=\toks20
\eqnshift@=\dimen112
\alignsep@=\dimen113
\tagshift@=\dimen114
\tagwidth@=\dimen115
\totwidth@=\dimen116
\lineht@=\dimen117
\@envbody=\toks21
\multlinegap=\skip54
\multlinetaggap=\skip55
\mathdisplay@stack=\toks22
LaTeX Info: Redefining \[ on input line 2666.
LaTeX Info: Redefining \] on input line 2667.
)
(/usr/local/texlive/2012/texmf-dist/tex/latex/geometry/geometry.sty
Package: geometry 2010/09/12 v5.6 Page Geometry

(/usr/local/texlive/2012/texmf-dist/tex/generic/oberdiek/ifpdf.sty
Package: ifpdf 2011/01/30 v2.3 Provides the ifpdf switch (HO)
Package ifpdf Info: pdfTeX in PDF mode is detected.
)
(/usr/local/texlive/2012/texmf-dist/tex/generic/oberdiek/ifvtex.sty
Package: ifvtex 2010/03/01 v1.5 Detect VTeX and its facilities (HO)
Package ifvtex Info: VTeX not detected.
)
(/usr/local/texlive/2012/texmf-dist/tex/generic/ifxetex/ifxetex.sty
Package: ifxetex 2010/09/12 v0.6 Provides ifxetex conditional
)
\Gm@cnth=\count100
\Gm@cntv=\count101
\c@Gm@tempcnt=\count102
\Gm@bindingoffset=\dimen118
\Gm@wd@mp=\dimen119
\Gm@odd@mp=\dimen120
\Gm@even@mp=\dimen121
\Gm@layoutwidth=\dimen122
\Gm@layoutheight=\dimen123
\Gm@layouthoffset=\dimen124
\Gm@layoutvoffset=\dimen125
\Gm@dimlist=\toks23
)
(/usr/local/texlive/2012/texmf-dist/tex/latex/setspace/setspace.sty
Package: setspace 2011/12/19 v6.7a set line spacing
)
(/usr/local/texlive/2012/texmf-dist/tex/latex/lastpage/lastpage.sty
Package: lastpage 2011/09/01 v1.2k Refers to last page's name (HMM; JPG)
)
(/usr/local/texlive/2012/texmf-dist/tex/latex/oberdiek/pdflscape.sty
Package: pdflscape 2008/08/11 v0.10 Display of landscape pages in PDF (HO)

(/usr/local/texlive/2012/texmf-dist/tex/latex/graphics/lscape.sty
Package: lscape 2000/10/22 v3.01 Landscape Pages (DPC)
)
Package pdflscape Info: Auto-detected driver: pdftex on input line 80.
)
(/usr/local/texlive/2012/texmf-dist/tex/latex/datetime/datetime.sty
Package: datetime 2010/09/21 v2.58 Date Time Package

(/usr/local/texlive/2012/texmf-dist/tex/latex/fmtcount/fmtcount.sty
Package: fmtcount 2009/10/02 v1.31

(/usr/local/texlive/2012/texmf-dist/tex/latex/base/ifthen.sty
Package: ifthen 2001/05/26 v1.1c Standard LaTeX ifthen package (DPC)
)
\c@padzeroesN=\count103

(/usr/local/texlive/2012/texmf-dist/tex/latex/fmtcount/fc-english.def
File: fc-english 2007/05/26
)
(/usr/local/texlive/2012/texmf-dist/tex/latex/fmtcount/fc-UKenglish.def
File: fc-UKenglish 2007/06/14
)
(/usr/local/texlive/2012/texmf-dist/tex/latex/fmtcount/fc-british.def
File: fc-british 2007/06/14
)
(/usr/local/texlive/2012/texmf-dist/tex/latex/fmtcount/fc-USenglish.def
File: fc-USenglish 2007/06/14
)
(/usr/local/texlive/2012/texmf-dist/tex/latex/fmtcount/fc-spanish.def
File: fc-spanish.def 2007/05/26
)
(/usr/local/texlive/2012/texmf-dist/tex/latex/fmtcount/fc-portuges.def
File: fc-portuges.def 2007/05/26
)
(/usr/local/texlive/2012/texmf-dist/tex/latex/fmtcount/fc-french.def
File: fc-french.def 2007/05/26
)
(/usr/local/texlive/2012/texmf-dist/tex/latex/fmtcount/fc-german.def
File: fc-german.def 2007/06/14
)
(/usr/local/texlive/2012/texmf-dist/tex/latex/fmtcount/fc-italian.def
File: fc-italian.def 2009/10/02 Italian support for fmtcount (Edoardo Pasca)
)
No configuration file fmtcount.cfg found.
\@DT@modctr=\count104
\@ordinalctr=\count105
\@orgargctr=\count106
\@strctr=\count107
\@tmpstrctr=\count108
\@DT@loopN=\count109
\@DT@X=\count110
)
\@day=\count111
\@month=\count112
\@year=\count113
\c@HOUR=\count114
\c@HOURXII=\count115
\c@MINUTE=\count116
\c@TOHOUR=\count117
\c@TOMINUTE=\count118
\c@SECOND=\count119
\currenthour=\count120
\currentminute=\count121
\currentsecond=\count122
Package datetime Info: No datetime.cfg file found, using default settings on in
put line 292.
\@dtctr=\count123
\dayofyear=\count124
\dayofweek=\count125
LaTeX Info: Redefining \today on input line 724.
\dt@a=\toks24
\dt@b=\toks25
) (/usr/local/texlive/2012/texmf-dist/tex/latex/biblatex/biblatex.sty
Package: biblatex 2011/11/13 v1.7 programmable bibliographies

(/usr/local/texlive/2012/texmf-dist/tex/latex/etoolbox/etoolbox.sty
Package: etoolbox 2011/01/03 v2.1 e-TeX tools for LaTeX

(/usr/local/texlive/2012/texmf-dist/tex/latex/etex-pkg/etex.sty
Package: etex 1998/03/26 v2.0 eTeX basic definition package (PEB)
\et@xins=\count126
)
\etb@tempcnta=\count127
)
(/usr/local/texlive/2012/texmf-dist/tex/latex/logreq/logreq.sty
Package: logreq 2010/08/04 v1.0 xml request logger
\lrq@indent=\count128

(/usr/local/texlive/2012/texmf-dist/tex/latex/logreq/logreq.def
File: logreq.def 2010/08/04 v1.0 logreq spec v1.0
))
(/usr/local/texlive/2012/texmf-dist/tex/latex/url/url.sty
\Urlmuskip=\muskip11
Package: url 2006/04/12  ver 3.3  Verb mode for urls, etc.
)
\c@listtotal=\count129
\c@listcount=\count130
\c@liststart=\count131
\c@liststop=\count132
\c@citecount=\count133
\c@citetotal=\count134
\c@multicitecount=\count135
\c@multicitetotal=\count136
\c@instcount=\count137
\c@maxnames=\count138
\c@minnames=\count139
\c@maxitems=\count140
\c@minitems=\count141
\c@citecounter=\count142
\c@savedcitecounter=\count143
\c@uniquelist=\count144
\c@uniquename=\count145
\c@refsection=\count146
\c@refsegment=\count147
\c@maxextrayear=\count148
\c@maxextraalpha=\count149
\c@abbrvpenalty=\count150
\c@highnamepenalty=\count151
\c@lownamepenalty=\count152
\c@maxparens=\count153
\c@parenlevel=\count154
\blx@tempcnta=\count155
\blx@tempcntb=\count156
\blx@tempcntc=\count157
\blx@maxsection=\count158
\blx@maxsegment=\count159
\blx@notetype=\count160
\blx@parenlevel@text=\count161
\blx@parenlevel@foot=\count162
\labelnumberwidth=\skip56
\labelalphawidth=\skip57
\shorthandwidth=\skip58
\biblabelsep=\skip59
\bibitemsep=\skip60
\bibnamesep=\skip61
\bibinitsep=\skip62
\bibparsep=\skip63
\bibhang=\skip64
\blx@auxin=\read1
\blx@auxout=\write3
\c@mincomprange=\count163
\c@maxcomprange=\count164
\c@mincompwidth=\count165
\c@labelname=\count166
\c@savedlabelname=\count167
\c@author=\count168
\c@savedauthor=\count169
\c@shortauthor=\count170
\c@savedshortauthor=\count171
\c@editor=\count172
\c@savededitor=\count173
\c@editora=\count174
\c@savededitora=\count175
\c@editorb=\count176
\c@savededitorb=\count177
\c@editorc=\count178
\c@savededitorc=\count179
\c@shorteditor=\count180
\c@savedshorteditor=\count181
\c@bookauthor=\count182
\c@savedbookauthor=\count183
\c@translator=\count184
\c@savedtranslator=\count185
\c@annotator=\count186
\c@savedannotator=\count187
\c@commentator=\count188
\c@savedcommentator=\count189
\c@introduction=\count190
\c@savedintroduction=\count191
\c@foreword=\count192
\c@savedforeword=\count193
\c@afterword=\count194
\c@savedafterword=\count195
\c@holder=\count196
\c@savedholder=\count197
\c@namea=\count198
\c@savednamea=\count199
\c@nameb=\count200
\c@savednameb=\count201
\c@namec=\count202
\c@savednamec=\count203
\c@institution=\count204
\c@savedinstitution=\count205
\c@language=\count206
\c@savedlanguage=\count207
\c@location=\count208
\c@savedlocation=\count209
\c@organization=\count210
\c@savedorganization=\count211
\c@origlocation=\count212
\c@savedoriglocation=\count213
\c@origpublisher=\count214
\c@savedorigpublisher=\count215
\c@pageref=\count216
\c@savedpageref=\count217
\c@publisher=\count218
\c@savedpublisher=\count219
\c@lista=\count220
\c@savedlista=\count221
\c@listb=\count222
\c@savedlistb=\count223
\c@listc=\count224
\c@savedlistc=\count225
\c@listd=\count226
\c@savedlistd=\count227
\c@liste=\count228
\c@savedliste=\count229
\c@listf=\count230
\c@savedlistf=\count231
Package biblatex Info: Trying to load compatibility code...
Package biblatex Info: ... file 'blx-compat.def' found.

(/usr/local/texlive/2012/texmf-dist/tex/latex/biblatex/blx-compat.def
File: blx-compat.def 2011/11/13 v1.7 biblatex generic compatibility
)
Package biblatex Info: Trying to load generic definitions...
Package biblatex Info: ... file 'biblatex.def' found.

(/usr/local/texlive/2012/texmf-dist/tex/latex/biblatex/biblatex.def
File: biblatex.def 2011/11/13 v1.7 biblatex generic definitions
\c@biburlnumpenalty=\count232
\c@biburlucpenalty=\count233
Normal \count register pool exhausted, switching to extended pool.
\c@biburllcpenalty=\count277
\c@smartand=\count278
)
Package biblatex Info: Trying to load natbib compatibility...
Package biblatex Info: ... file 'blx-natbib.def' found.

(/usr/local/texlive/2012/texmf-dist/tex/latex/biblatex/blx-natbib.def
File: blx-natbib.def 2011/11/13 v1.7 biblatex natbib compatibility
)
Package biblatex Info: Trying to load bibliography style 'nejm'...
Package biblatex Info: ... file 'nejm.bbx' found.

(/usr/local/texlive/2012/texmf-dist/tex/latex/biblatex-nejm/nejm.bbx
File: nejm.bbx 2011/09/09  v0.4: nejm.bbx
Package biblatex Info: Trying to load bibliography style 'standard'...
Package biblatex Info: ... file 'standard.bbx' found.

(/usr/local/texlive/2012/texmf-dist/tex/latex/biblatex/bbx/standard.bbx
File: standard.bbx 2011/11/13 v1.7 biblatex bibliography style
))
Package biblatex Info: Trying to load citation style 'nejm'...
Package biblatex Info: ... file 'nejm.cbx' found.

(/usr/local/texlive/2012/texmf-dist/tex/latex/biblatex-nejm/nejm.cbx
File: nejm.bbx 2011/09/09  v0.4: nejm.cbx
Package biblatex Info: Trying to load citation style 'numeric-comp'...
Package biblatex Info: ... file 'numeric-comp.cbx' found.

(/usr/local/texlive/2012/texmf-dist/tex/latex/biblatex/cbx/numeric-comp.cbx
File: numeric-comp.cbx 2011/11/13 v1.7 biblatex citation style
\c@cbx@tempcnta=\count279
\c@cbx@tempcntb=\count280
Package biblatex Info: Redefining '\cite'.
Package biblatex Info: Redefining '\parencite'.
Package biblatex Info: Redefining '\footcite'.
Package biblatex Info: Redefining '\footcitetext'.
Package biblatex Info: Redefining '\smartcite'.
Package biblatex Info: Redefining '\textcite'.
Package biblatex Info: Redefining '\supercite'.
Package biblatex Info: Redefining '\cites'.
Package biblatex Info: Redefining '\parencites'.
Package biblatex Info: Redefining '\smartcites'.
)
Package biblatex Info: Redefining '\cite'.
)
Package biblatex Info: Trying to load configuration file...
Package biblatex Info: ... file 'biblatex.cfg' found.

(/usr/local/texlive/2012/texmf-dist/tex/latex/biblatex/biblatex.cfg
File: biblatex.cfg 
))
(/usr/local/texlive/2012/texmf-dist/tex/latex/hyperref/hyperref.sty
Package: hyperref 2012/05/13 v6.82q Hypertext links for LaTeX

(/usr/local/texlive/2012/texmf-dist/tex/generic/oberdiek/hobsub-hyperref.sty
Package: hobsub-hyperref 2012/05/28 v1.13 Bundle oberdiek, subset hyperref (HO)


(/usr/local/texlive/2012/texmf-dist/tex/generic/oberdiek/hobsub-generic.sty
Package: hobsub-generic 2012/05/28 v1.13 Bundle oberdiek, subset generic (HO)
Package: hobsub 2012/05/28 v1.13 Construct package bundles (HO)
Package hobsub Info: Skipping package `infwarerr' (already loaded).
Package hobsub Info: Skipping package `ltxcmds' (already loaded).
Package: ifluatex 2010/03/01 v1.3 Provides the ifluatex switch (HO)
Package ifluatex Info: LuaTeX not detected.
Package hobsub Info: Skipping package `ifvtex' (already loaded).
Package: intcalc 2007/09/27 v1.1 Expandable calculations with integers (HO)
Package hobsub Info: Skipping package `ifpdf' (already loaded).
Package: etexcmds 2011/02/16 v1.5 Avoid name clashes with e-TeX commands (HO)
Package etexcmds Info: Could not find \expanded.
(etexcmds)             That can mean that you are not using pdfTeX 1.50 or
(etexcmds)             that some package has redefined \expanded.
(etexcmds)             In the latter case, load this package earlier.
Package: kvsetkeys 2012/04/25 v1.16 Key value parser (HO)
Package: kvdefinekeys 2011/04/07 v1.3 Define keys (HO)
Package: pdftexcmds 2011/11/29 v0.20 Utility functions of pdfTeX for LuaTeX (HO
)
Package pdftexcmds Info: LuaTeX not detected.
Package pdftexcmds Info: \pdf@primitive is available.
Package pdftexcmds Info: \pdf@ifprimitive is available.
Package pdftexcmds Info: \pdfdraftmode found.
Package: pdfescape 2011/11/25 v1.13 Implements pdfTeX's escape features (HO)
Package: bigintcalc 2012/04/08 v1.3 Expandable calculations on big integers (HO
)
Package: bitset 2011/01/30 v1.1 Handle bit-vector datatype (HO)
Package: uniquecounter 2011/01/30 v1.2 Provide unlimited unique counter (HO)
)
Package hobsub Info: Skipping package `hobsub' (already loaded).
Package: letltxmacro 2010/09/02 v1.4 Let assignment for LaTeX macros (HO)
Package: hopatch 2012/05/28 v1.2 Wrapper for package hooks (HO)
Package: xcolor-patch 2011/01/30 xcolor patch
Package: atveryend 2011/06/30 v1.8 Hooks at the very end of document (HO)
Package: atbegshi 2011/10/05 v1.16 At begin shipout hook (HO)
Package: refcount 2011/10/16 v3.4 Data extraction from label references (HO)
Package: hycolor 2011/01/30 v1.7 Color options for hyperref/bookmark (HO)
)
(/usr/local/texlive/2012/texmf-dist/tex/latex/oberdiek/kvoptions.sty
Package: kvoptions 2011/06/30 v3.11 Key value format for package options (HO)
)
\@linkdim=\dimen126
\Hy@linkcounter=\count281
\Hy@pagecounter=\count282

(/usr/local/texlive/2012/texmf-dist/tex/latex/hyperref/pd1enc.def
File: pd1enc.def 2012/05/13 v6.82q Hyperref: PDFDocEncoding definition (HO)
)
\Hy@SavedSpaceFactor=\count283

(/usr/local/texlive/2012/texmf-dist/tex/latex/latexconfig/hyperref.cfg
File: hyperref.cfg 2002/06/06 v1.2 hyperref configuration of TeXLive
)
Package hyperref Info: Hyper figures OFF on input line 4062.
Package hyperref Info: Link nesting OFF on input line 4067.
Package hyperref Info: Hyper index ON on input line 4070.
Package hyperref Info: Plain pages OFF on input line 4077.
Package hyperref Info: Backreferencing OFF on input line 4082.
Package hyperref Info: Implicit mode ON; LaTeX internals redefined.
Package hyperref Info: Bookmarks ON on input line 4300.
\c@Hy@tempcnt=\count284
LaTeX Info: Redefining \url on input line 4653.
\Fld@menulength=\count285
\Field@Width=\dimen127
\Fld@charsize=\dimen128
Package hyperref Info: Hyper figures OFF on input line 5773.
Package hyperref Info: Link nesting OFF on input line 5778.
Package hyperref Info: Hyper index ON on input line 5781.
Package hyperref Info: backreferencing OFF on input line 5788.
Package hyperref Info: Link coloring OFF on input line 5793.
Package hyperref Info: Link coloring with OCG OFF on input line 5798.
Package hyperref Info: PDF/A mode OFF on input line 5803.
LaTeX Info: Redefining \ref on input line 5843.
LaTeX Info: Redefining \pageref on input line 5847.
\Hy@abspage=\count286
\c@Item=\count287
\c@Hfootnote=\count288
)

Package hyperref Message: Driver (autodetected): hpdftex.

(/usr/local/texlive/2012/texmf-dist/tex/latex/hyperref/hpdftex.def
File: hpdftex.def 2012/05/13 v6.82q Hyperref driver for pdfTeX
\Fld@listcount=\count289
\c@bookmark@seq@number=\count290

(/usr/local/texlive/2012/texmf-dist/tex/latex/oberdiek/rerunfilecheck.sty
Package: rerunfilecheck 2011/04/15 v1.7 Rerun checks for auxiliary files (HO)
Package uniquecounter Info: New unique counter `rerunfilecheck' on input line 2
82.
)
\Hy@SectionHShift=\skip65
)
(/usr/local/texlive/2012/texmf-dist/tex/latex/upquote/upquote.sty
Package: upquote 2012/04/19 v1.3 upright-quote and grave-accent glyphs in verba
tim

(/usr/local/texlive/2012/texmf-dist/tex/latex/base/textcomp.sty
Package: textcomp 2005/09/27 v1.99g Standard LaTeX package
Package textcomp Info: Sub-encoding information:
(textcomp)               5 = only ISO-Adobe without \textcurrency
(textcomp)               4 = 5 + \texteuro
(textcomp)               3 = 4 + \textohm
(textcomp)               2 = 3 + \textestimated + \textcurrency
(textcomp)               1 = TS1 - \textcircled - \t
(textcomp)               0 = TS1 (full)
(textcomp)             Font families with sub-encoding setting implement
(textcomp)             only a restricted character set as indicated.
(textcomp)             Family '?' is the default used for unknown fonts.
(textcomp)             See the documentation for details.
Package textcomp Info: Setting ? sub-encoding to TS1/1 on input line 71.

(/usr/local/texlive/2012/texmf-dist/tex/latex/base/ts1enc.def
File: ts1enc.def 2001/06/05 v3.0e (jk/car/fm) Standard LaTeX file
)
LaTeX Info: Redefining \oldstylenums on input line 266.
Package textcomp Info: Setting cmr sub-encoding to TS1/0 on input line 281.
Package textcomp Info: Setting cmss sub-encoding to TS1/0 on input line 282.
Package textcomp Info: Setting cmtt sub-encoding to TS1/0 on input line 283.
Package textcomp Info: Setting cmvtt sub-encoding to TS1/0 on input line 284.
Package textcomp Info: Setting cmbr sub-encoding to TS1/0 on input line 285.
Package textcomp Info: Setting cmtl sub-encoding to TS1/0 on input line 286.
Package textcomp Info: Setting ccr sub-encoding to TS1/0 on input line 287.
Package textcomp Info: Setting ptm sub-encoding to TS1/4 on input line 288.
Package textcomp Info: Setting pcr sub-encoding to TS1/4 on input line 289.
Package textcomp Info: Setting phv sub-encoding to TS1/4 on input line 290.
Package textcomp Info: Setting ppl sub-encoding to TS1/3 on input line 291.
Package textcomp Info: Setting pag sub-encoding to TS1/4 on input line 292.
Package textcomp Info: Setting pbk sub-encoding to TS1/4 on input line 293.
Package textcomp Info: Setting pnc sub-encoding to TS1/4 on input line 294.
Package textcomp Info: Setting pzc sub-encoding to TS1/4 on input line 295.
Package textcomp Info: Setting bch sub-encoding to TS1/4 on input line 296.
Package textcomp Info: Setting put sub-encoding to TS1/5 on input line 297.
Package textcomp Info: Setting uag sub-encoding to TS1/5 on input line 298.
Package textcomp Info: Setting ugq sub-encoding to TS1/5 on input line 299.
Package textcomp Info: Setting ul8 sub-encoding to TS1/4 on input line 300.
Package textcomp Info: Setting ul9 sub-encoding to TS1/4 on input line 301.
Package textcomp Info: Setting augie sub-encoding to TS1/5 on input line 302.
Package textcomp Info: Setting dayrom sub-encoding to TS1/3 on input line 303.
Package textcomp Info: Setting dayroms sub-encoding to TS1/3 on input line 304.

Package textcomp Info: Setting pxr sub-encoding to TS1/0 on input line 305.
Package textcomp Info: Setting pxss sub-encoding to TS1/0 on input line 306.
Package textcomp Info: Setting pxtt sub-encoding to TS1/0 on input line 307.
Package textcomp Info: Setting txr sub-encoding to TS1/0 on input line 308.
Package textcomp Info: Setting txss sub-encoding to TS1/0 on input line 309.
Package textcomp Info: Setting txtt sub-encoding to TS1/0 on input line 310.
Package textcomp Info: Setting lmr sub-encoding to TS1/0 on input line 311.
Package textcomp Info: Setting lmdh sub-encoding to TS1/0 on input line 312.
Package textcomp Info: Setting lmss sub-encoding to TS1/0 on input line 313.
Package textcomp Info: Setting lmssq sub-encoding to TS1/0 on input line 314.
Package textcomp Info: Setting lmvtt sub-encoding to TS1/0 on input line 315.
Package textcomp Info: Setting qhv sub-encoding to TS1/0 on input line 316.
Package textcomp Info: Setting qag sub-encoding to TS1/0 on input line 317.
Package textcomp Info: Setting qbk sub-encoding to TS1/0 on input line 318.
Package textcomp Info: Setting qcr sub-encoding to TS1/0 on input line 319.
Package textcomp Info: Setting qcs sub-encoding to TS1/0 on input line 320.
Package textcomp Info: Setting qpl sub-encoding to TS1/0 on input line 321.
Package textcomp Info: Setting qtm sub-encoding to TS1/0 on input line 322.
Package textcomp Info: Setting qzc sub-encoding to TS1/0 on input line 323.
Package textcomp Info: Setting qhvc sub-encoding to TS1/0 on input line 324.
Package textcomp Info: Setting futs sub-encoding to TS1/4 on input line 325.
Package textcomp Info: Setting futx sub-encoding to TS1/4 on input line 326.
Package textcomp Info: Setting futj sub-encoding to TS1/4 on input line 327.
Package textcomp Info: Setting hlh sub-encoding to TS1/3 on input line 328.
Package textcomp Info: Setting hls sub-encoding to TS1/3 on input line 329.
Package textcomp Info: Setting hlst sub-encoding to TS1/3 on input line 330.
Package textcomp Info: Setting hlct sub-encoding to TS1/5 on input line 331.
Package textcomp Info: Setting hlx sub-encoding to TS1/5 on input line 332.
Package textcomp Info: Setting hlce sub-encoding to TS1/5 on input line 333.
Package textcomp Info: Setting hlcn sub-encoding to TS1/5 on input line 334.
Package textcomp Info: Setting hlcw sub-encoding to TS1/5 on input line 335.
Package textcomp Info: Setting hlcf sub-encoding to TS1/5 on input line 336.
Package textcomp Info: Setting pplx sub-encoding to TS1/3 on input line 337.
Package textcomp Info: Setting pplj sub-encoding to TS1/3 on input line 338.
Package textcomp Info: Setting ptmx sub-encoding to TS1/4 on input line 339.
Package textcomp Info: Setting ptmj sub-encoding to TS1/4 on input line 340.
))
Package biblatex Info: Trying to load language 'english'...
Package biblatex Info: ... file 'english.lbx' found.

(/usr/local/texlive/2012/texmf-dist/tex/latex/biblatex/lbx/english.lbx
File: english.lbx 2011/11/13 v1.7 biblatex localization
)
\@quotelevel=\count291
\@quotereset=\count292

(./13beaches-Supporting-Appendix-160126.aux)
\openout1 = `13beaches-Supporting-Appendix-160126.aux'.

LaTeX Font Info:    Checking defaults for OML/cmm/m/it on input line 100.
LaTeX Font Info:    ... okay on input line 100.
LaTeX Font Info:    Checking defaults for T1/cmr/m/n on input line 100.
LaTeX Font Info:    ... okay on input line 100.
LaTeX Font Info:    Checking defaults for OT1/cmr/m/n on input line 100.
LaTeX Font Info:    ... okay on input line 100.
LaTeX Font Info:    Checking defaults for OMS/cmsy/m/n on input line 100.
LaTeX Font Info:    ... okay on input line 100.
LaTeX Font Info:    Checking defaults for OMX/cmex/m/n on input line 100.
LaTeX Font Info:    ... okay on input line 100.
LaTeX Font Info:    Checking defaults for U/cmr/m/n on input line 100.
LaTeX Font Info:    ... okay on input line 100.
LaTeX Font Info:    Checking defaults for PD1/pdf/m/n on input line 100.
LaTeX Font Info:    ... okay on input line 100.
LaTeX Font Info:    Checking defaults for TS1/cmr/m/n on input line 100.
LaTeX Font Info:    Try loading font information for TS1+cmr on input line 100.


(/usr/local/texlive/2012/texmf-dist/tex/latex/base/ts1cmr.fd
File: ts1cmr.fd 1999/05/25 v2.5h Standard LaTeX font definitions
)
LaTeX Font Info:    ... okay on input line 100.

(/usr/local/texlive/2012/texmf-dist/tex/context/base/supp-pdf.mkii
[Loading MPS to PDF converter (version 2006.09.02).]
\scratchcounter=\count293
\scratchdimen=\dimen129
\scratchbox=\box28
\nofMPsegments=\count294
\nofMParguments=\count295
\everyMPshowfont=\toks26
\MPscratchCnt=\count296
\MPscratchDim=\dimen130
\MPnumerator=\count297
\makeMPintoPDFobject=\count298
\everyMPtoPDFconversion=\toks27
) (/usr/local/texlive/2012/texmf-dist/tex/latex/oberdiek/epstopdf-base.sty
Package: epstopdf-base 2010/02/09 v2.5 Base part for package epstopdf

(/usr/local/texlive/2012/texmf-dist/tex/latex/oberdiek/grfext.sty
Package: grfext 2010/08/19 v1.1 Manage graphics extensions (HO)
)
Package grfext Info: Graphics extension search list:
(grfext)             [.png,.pdf,.jpg,.mps,.jpeg,.jbig2,.jb2,.PNG,.PDF,.JPG,.JPE
G,.JBIG2,.JB2,.eps]
(grfext)             \AppendGraphicsExtensions on input line 452.

(/usr/local/texlive/2012/texmf-dist/tex/latex/latexconfig/epstopdf-sys.cfg
File: epstopdf-sys.cfg 2010/07/13 v1.3 Configuration of (r)epstopdf for TeX Liv
e
))
*geometry* driver: auto-detecting
*geometry* detected driver: pdftex
*geometry* verbose mode - [ preamble ] result:
* driver: pdftex
* paper: <default>
* layout: <same size as paper>
* layoutoffset:(h,v)=(0.0pt,0.0pt)
* modes: 
* h-part:(L,W,R)=(72.26999pt, 469.75502pt, 72.26999pt)
* v-part:(T,H,B)=(72.26999pt, 650.43001pt, 72.26999pt)
* \paperwidth=614.295pt
* \paperheight=794.96999pt
* \textwidth=469.75502pt
* \textheight=650.43001pt
* \oddsidemargin=0.0pt
* \evensidemargin=0.0pt
* \topmargin=-37.0pt
* \headheight=12.0pt
* \headsep=25.0pt
* \topskip=12.0pt
* \footskip=30.0pt
* \marginparwidth=44.0pt
* \marginparsep=10.0pt
* \columnsep=10.0pt
* \skip\footins=10.8pt plus 4.0pt minus 2.0pt
* \hoffset=0.0pt
* \voffset=0.0pt
* \mag=1000
* \@twocolumnfalse
* \@twosidefalse
* \@mparswitchfalse
* \@reversemarginfalse
* (1in=72.27pt=25.4mm, 1cm=28.453pt)

Package lastpage Info: Please have a look at the pageslts package at
(lastpage)             http://www.ctan.org/tex-archive/ 
(lastpage)             macros/latex/contrib/pageslts/ 
(lastpage)             or
(lastpage)             http://www.ctan.org/tex-archive/ 
(lastpage)             install/macros/latex/contrib/pageslts.tds.zip
(lastpage)             ! on input line 100.

Package biblatex Warning: backend=biber required by style.
(biblatex)                Some features may not work properly.

Package biblatex Info: Input encoding 'latin1' detected.
Package biblatex Info: Automatic encoding selection.
(biblatex)             Assuming data encoding 'latin1'.

Package biblatex Warning: Data encoding is 'latin1'.
(biblatex)                Use backend=bibtex8 or backend=biber.

\openout3 = `13beaches-Supporting-Appendix-160126-blx.bib'.

Package biblatex Info: Trying to load bibliographic data...
Package biblatex Info: ... file '13beaches-Supporting-Appendix-160126.bbl' foun
d.
(./13beaches-Supporting-Appendix-160126.bbl

Package biblatex Warning: BibTeX reported the following issues
(biblatex)                with 'Higgins2003-bh':
(biblatex)                - Invalid format of field 'month'.

)
Package biblatex Info: Reference section=0 on input line 100.
Package biblatex Info: Reference segment=0 on input line 100.
\AtBeginShipoutBox=\box29
Package hyperref Info: Link coloring OFF on input line 100.
 (/usr/local/texlive/2012/texmf-dist/tex/latex/hyperref/nameref.sty
Package: nameref 2010/04/30 v2.40 Cross-referencing by name of section

(/usr/local/texlive/2012/texmf-dist/tex/generic/oberdiek/gettitlestring.sty
Package: gettitlestring 2010/12/03 v1.4 Cleanup title references (HO)
)
\c@section@level=\count299
)
LaTeX Info: Redefining \ref on input line 100.
LaTeX Info: Redefining \pageref on input line 100.
LaTeX Info: Redefining \nameref on input line 100.

(./13beaches-Supporting-Appendix-160126.out)
(./13beaches-Supporting-Appendix-160126.out)
\@outlinefile=\write4
\openout4 = `13beaches-Supporting-Appendix-160126.out'.

LaTeX Font Info:    Try loading font information for U+msa on input line 102.

(/usr/local/texlive/2012/texmf-dist/tex/latex/amsfonts/umsa.fd
File: umsa.fd 2009/06/22 v3.00 AMS symbols A
)
LaTeX Font Info:    Try loading font information for U+msb on input line 102.

(/usr/local/texlive/2012/texmf-dist/tex/latex/amsfonts/umsb.fd
File: umsb.fd 2009/06/22 v3.00 AMS symbols B
)
(./13beaches-Supporting-Appendix-160126.toc)
\tf@toc=\write5
\openout5 = `13beaches-Supporting-Appendix-160126.toc'.

 [1

{/usr/local/texlive/2012/texmf-var/fonts/map/pdftex/updmap/pdftex.map}]
LaTeX Font Info:    Try loading font information for OMS+aer on input line 124.


(/Library/Frameworks/R.framework/Resources/share/texmf/tex/latex/omsaer.fd
File: omsaer.fd 1999/12/27
)
LaTeX Font Info:    Font shape `OMS/aer/m/n' in size <12> not available
(Font)              Font shape `OMS/cmsy/m/n' tried instead on input line 124.

[2

] [3]
</users/benarnold/dropbox/13beaches/aim1-results/figs/13beaches-map.pdf, id=81,
 794.97pt x 614.295pt>
File: /users/benarnold/dropbox/13beaches/aim1-results/figs/13beaches-map.pdf Gr
aphic file (type pdf)

<use /users/benarnold/dropbox/13beaches/aim1-results/figs/13beaches-map.pdf>
Package pdftex.def Info: /users/benarnold/dropbox/13beaches/aim1-results/figs/1
3beaches-map.pdf used on input line 138.
(pdftex.def)             Requested size: 610.68295pt x 471.90254pt.


LaTeX Warning: Float too large for page by 68.64752pt on input line 141.

[4 </users/benarnold/dropbox/13beaches/aim1-results/figs/13beaches-map.pdf>]
</users/benarnold/dropbox/13beaches/aim1-results/figs/avalon-map.pdf, id=130, 4
66.74377pt x 351.3125pt>
File: /users/benarnold/dropbox/13beaches/aim1-results/figs/avalon-map.pdf Graph
ic file (type pdf)

<use /users/benarnold/dropbox/13beaches/aim1-results/figs/avalon-map.pdf>
Package pdftex.def Info: /users/benarnold/dropbox/13beaches/aim1-results/figs/a
valon-map.pdf used on input line 149.
(pdftex.def)             Requested size: 192.03564pt x 144.54pt.

</users/benarnold/dropbox/13beaches/aim1-results/figs/doheny-map.pdf, id=131, 6
02.25pt x 397.06436pt>
File: /users/benarnold/dropbox/13beaches/aim1-results/figs/doheny-map.pdf Graph
ic file (type pdf)

<use /users/benarnold/dropbox/13beaches/aim1-results/figs/doheny-map.pdf>
Package pdftex.def Info: /users/benarnold/dropbox/13beaches/aim1-results/figs/d
oheny-map.pdf used on input line 150.
(pdftex.def)             Requested size: 219.22668pt x 144.54pt.

</users/benarnold/dropbox/13beaches/aim1-results/figs/malibu-map.pdf, id=132, 7
20.80461pt x 540.27739pt>
File: /users/benarnold/dropbox/13beaches/aim1-results/figs/malibu-map.pdf Graph
ic file (type pdf)

<use /users/benarnold/dropbox/13beaches/aim1-results/figs/malibu-map.pdf>
Package pdftex.def Info: /users/benarnold/dropbox/13beaches/aim1-results/figs/m
alibu-map.pdf used on input line 151.
(pdftex.def)             Requested size: 192.83807pt x 144.54pt.

</users/benarnold/dropbox/13beaches/aim1-results/figs/missionbay-map.pdf, id=13
3, 903.375pt x 602.25pt>
File: /users/benarnold/dropbox/13beaches/aim1-results/figs/missionbay-map.pdf G
raphic file (type pdf)

<use /users/benarnold/dropbox/13beaches/aim1-results/figs/missionbay-map.pdf>
Package pdftex.def Info: /users/benarnold/dropbox/13beaches/aim1-results/figs/m
issionbay-map.pdf used on input line 152.
(pdftex.def)             Requested size: 216.81442pt x 144.54pt.

[5 </users/benarnold/dropbox/13beaches/aim1-results/figs/avalon-map.pdf> </user
s/benarnold/dropbox/13beaches/aim1-results/figs/doheny-map.pdf> </users/benarno
ld/dropbox/13beaches/aim1-results/figs/malibu-map.pdf> </users/benarnold/dropbo
x/13beaches/aim1-results/figs/missionbay-map.pdf>] [6



] [7

] [8]
</users/benarnold/dropbox/13beaches/aim1-results/figs/aim1-Enterococcus-1600-v-
qPCR-scatter.pdf, id=279, 505.89pt x 505.89pt>
File: /users/benarnold/dropbox/13beaches/aim1-results/figs/aim1-Enterococcus-16
00-v-qPCR-scatter.pdf Graphic file (type pdf)

<use /users/benarnold/dropbox/13beaches/aim1-results/figs/aim1-Enterococcus-160
0-v-qPCR-scatter.pdf>
Package pdftex.def Info: /users/benarnold/dropbox/13beaches/aim1-results/figs/a
im1-Enterococcus-1600-v-qPCR-scatter.pdf used on input line 325.
(pdftex.def)             Requested size: 361.34999pt x 361.35352pt.
 [9 </users/benarnold/dropbox/13beaches/aim1-results/figs/aim1-Enterococcus-160
0-v-qPCR-scatter.pdf>] [10


] [11

]
</users/benarnold/dropbox/13beaches/aim1-results/figs/aim1-age-distributions.pd
f, id=308, 433.62pt x 867.24pt>
File: /users/benarnold/dropbox/13beaches/aim1-results/figs/aim1-age-distributio
ns.pdf Graphic file (type pdf)

<use /users/benarnold/dropbox/13beaches/aim1-results/figs/aim1-age-distribution
s.pdf>
Package pdftex.def Info: /users/benarnold/dropbox/13beaches/aim1-results/figs/a
im1-age-distributions.pdf used on input line 402.
(pdftex.def)             Requested size: 289.07999pt x 578.18947pt.

</users/benarnold/dropbox/13beaches/aim1-results/figs/aim1-Enterococcus-distrib
utions.pdf, id=309, 578.16pt x 578.16pt>
File: /users/benarnold/dropbox/13beaches/aim1-results/figs/aim1-Enterococcus-di
stributions.pdf Graphic file (type pdf)

<use /users/benarnold/dropbox/13beaches/aim1-results/figs/aim1-Enterococcus-dis
tributions.pdf>
Package pdftex.def Info: /users/benarnold/dropbox/13beaches/aim1-results/figs/a
im1-Enterococcus-distributions.pdf used on input line 415.
(pdftex.def)             Requested size: 469.75502pt x 469.75385pt.
 [12 </users/benarnold/dropbox/13beaches/aim1-results/figs/aim1-age-distributio
ns.pdf>] [13 </users/benarnold/dropbox/13beaches/aim1-results/figs/aim1-Enteroc
occus-distributions.pdf>] [14


]
</users/benarnold/dropbox/13beaches/aim1-results/figs/aim1-swim-exposure-CIR-fo
rest-beaches.pdf, id=353, 794.97pt x 433.62pt>
File: /users/benarnold/dropbox/13beaches/aim1-results/figs/aim1-swim-exposure-C
IR-forest-beaches.pdf Graphic file (type pdf)

<use /users/benarnold/dropbox/13beaches/aim1-results/figs/aim1-swim-exposure-CI
R-forest-beaches.pdf>
Package pdftex.def Info: /users/benarnold/dropbox/13beaches/aim1-results/figs/a
im1-swim-exposure-CIR-forest-beaches.pdf used on input line 460.
(pdftex.def)             Requested size: 704.63252pt x 384.35909pt.

Overfull \hbox (54.20251pt too wide) in paragraph at lines 460--461
 [] 
 []

[15 </users/benarnold/dropbox/13beaches/aim1-results/figs/aim1-swim-exposure-CI
R-forest-beaches.pdf>]
</users/benarnold/dropbox/13beaches/aim1-results/figs/aim1-entero1600-QPCR-regu
latory-beach-forest.pdf, id=364, 794.97pt x 433.62pt>
File: /users/benarnold/dropbox/13beaches/aim1-results/figs/aim1-entero1600-QPCR
-regulatory-beach-forest.pdf Graphic file (type pdf)

<use /users/benarnold/dropbox/13beaches/aim1-results/figs/aim1-entero1600-QPCR-
regulatory-beach-forest.pdf>
Package pdftex.def Info: /users/benarnold/dropbox/13beaches/aim1-results/figs/a
im1-entero1600-QPCR-regulatory-beach-forest.pdf used on input line 471.
(pdftex.def)             Requested size: 704.63252pt x 384.35909pt.

Overfull \hbox (54.20251pt too wide) in paragraph at lines 471--472
 [] 
 []


LaTeX Warning: Float too large for page by 42.43193pt on input line 474.

[16 </users/benarnold/dropbox/13beaches/aim1-results/figs/aim1-entero1600-QPCR-
regulatory-beach-forest.pdf>]
Overfull \hbox (7.94547pt too wide) in paragraph at lines 481--481
[]\T1/aer/bx/n/17.28 Associations Be-tween \T1/aer/bx/it/17.28 En-te-ro-coc-cus
 \T1/aer/bx/n/17.28 and Di-ar-rhea Not
 []

[17





]
</users/benarnold/dropbox/13beaches/aim1-results/figs/aim1-entero1600-Quartile-
CI-byage.pdf, id=388, 1156.32pt x 361.35pt>
File: /users/benarnold/dropbox/13beaches/aim1-results/figs/aim1-entero1600-Quar
tile-CI-byage.pdf Graphic file (type pdf)

<use /users/benarnold/dropbox/13beaches/aim1-results/figs/aim1-entero1600-Quart
ile-CI-byage.pdf>
Package pdftex.def Info: /users/benarnold/dropbox/13beaches/aim1-results/figs/a
im1-entero1600-Quartile-CI-byage.pdf used on input line 503.
(pdftex.def)             Requested size: 728.1217pt x 227.53592pt.

Overfull \hbox (77.6917pt too wide) in paragraph at lines 503--503
 [] 
 []


</users/benarnold/dropbox/13beaches/aim1-results/figs/aim1-enteroQPCR-Quartile-
CI-byage.pdf, id=389, 1156.32pt x 361.35pt>
File: /users/benarnold/dropbox/13beaches/aim1-results/figs/aim1-enteroQPCR-Quar
tile-CI-byage.pdf Graphic file (type pdf)

<use /users/benarnold/dropbox/13beaches/aim1-results/figs/aim1-enteroQPCR-Quart
ile-CI-byage.pdf>
Package pdftex.def Info: /users/benarnold/dropbox/13beaches/aim1-results/figs/a
im1-enteroQPCR-Quartile-CI-byage.pdf used on input line 504.
(pdftex.def)             Requested size: 728.1217pt x 227.53592pt.

Overfull \hbox (77.6917pt too wide) in paragraph at lines 504--505
 [][] 
 []


LaTeX Warning: Float too large for page by 71.31682pt on input line 507.

[18 </users/benarnold/dropbox/13beaches/aim1-results/figs/aim1-entero1600-Quart
ile-CI-byage.pdf> </users/benarnold/dropbox/13beaches/aim1-results/figs/aim1-en
teroQPCR-Quartile-CI-byage.pdf>]
</users/benarnold/dropbox/13beaches/aim1-results/figs/aim1-entero1600-Quartile-
CI-bypollution.pdf, id=410, 867.24pt x 361.35pt>
File: /users/benarnold/dropbox/13beaches/aim1-results/figs/aim1-entero1600-Quar
tile-CI-bypollution.pdf Graphic file (type pdf)

<use /users/benarnold/dropbox/13beaches/aim1-results/figs/aim1-entero1600-Quart
ile-CI-bypollution.pdf>
Package pdftex.def Info: /users/benarnold/dropbox/13beaches/aim1-results/figs/a
im1-entero1600-Quartile-CI-bypollution.pdf used on input line 516.
(pdftex.def)             Requested size: 469.75502pt x 195.7326pt.

</users/benarnold/dropbox/13beaches/aim1-results/figs/aim1-enteroQPCR-Quartile-
CI-bypollution.pdf, id=411, 867.24pt x 361.35pt>
File: /users/benarnold/dropbox/13beaches/aim1-results/figs/aim1-enteroQPCR-Quar
tile-CI-bypollution.pdf Graphic file (type pdf)

<use /users/benarnold/dropbox/13beaches/aim1-results/figs/aim1-enteroQPCR-Quart
ile-CI-bypollution.pdf>
Package pdftex.def Info: /users/benarnold/dropbox/13beaches/aim1-results/figs/a
im1-enteroQPCR-Quartile-CI-bypollution.pdf used on input line 517.
(pdftex.def)             Requested size: 469.75502pt x 195.7326pt.

</users/benarnold/dropbox/13beaches/aim1-results/figs/aim1-enteroQPCR-noswim470
cce-CI-byage.pdf, id=412, 939.51pt x 361.35pt>
File: /users/benarnold/dropbox/13beaches/aim1-results/figs/aim1-enteroQPCR-nosw
im470cce-CI-byage.pdf Graphic file (type pdf)

<use /users/benarnold/dropbox/13beaches/aim1-results/figs/aim1-enteroQPCR-noswi
m470cce-CI-byage.pdf>
Package pdftex.def Info: /users/benarnold/dropbox/13beaches/aim1-results/figs/a
im1-enteroQPCR-noswim470cce-CI-byage.pdf used on input line 529.
(pdftex.def)             Requested size: 469.75502pt x 180.67456pt.

</users/benarnold/dropbox/13beaches/aim1-results/figs/aim1-entero1600-noswim35c
fu-CI-bypointsource.pdf, id=413, 794.97pt x 289.08pt>
File: /users/benarnold/dropbox/13beaches/aim1-results/figs/aim1-entero1600-nosw
im35cfu-CI-bypointsource.pdf Graphic file (type pdf)

<use /users/benarnold/dropbox/13beaches/aim1-results/figs/aim1-entero1600-noswi
m35cfu-CI-bypointsource.pdf>
Package pdftex.def Info: /users/benarnold/dropbox/13beaches/aim1-results/figs/a
im1-entero1600-noswim35cfu-CI-bypointsource.pdf used on input line 542.
(pdftex.def)             Requested size: 469.75502pt x 170.82478pt.

</users/benarnold/dropbox/13beaches/aim1-results/figs/aim1-enteroQPCR-noswim470
cce-CI-bypointsource.pdf, id=414, 794.97pt x 289.08pt>
File: /users/benarnold/dropbox/13beaches/aim1-results/figs/aim1-enteroQPCR-nosw
im470cce-CI-bypointsource.pdf Graphic file (type pdf)

<use /users/benarnold/dropbox/13beaches/aim1-results/figs/aim1-enteroQPCR-noswi
m470cce-CI-bypointsource.pdf>
Package pdftex.def Info: /users/benarnold/dropbox/13beaches/aim1-results/figs/a
im1-enteroQPCR-noswim470cce-CI-bypointsource.pdf used on input line 543.
(pdftex.def)             Requested size: 469.75502pt x 170.82478pt.
 [19 </users/benarnold/dropbox/13beaches/aim1-results/figs/aim1-entero1600-Quar
tile-CI-bypollution.pdf> </users/benarnold/dropbox/13beaches/aim1-results/figs/
aim1-enteroQPCR-Quartile-CI-bypollution.pdf>]
[20 </users/benarnold/dropbox/13beaches/aim1-results/figs/aim1-enteroQPCR-noswi
m470cce-CI-byage.pdf>] [21 </users/benarnold/dropbox/13beaches/aim1-results/fig
s/aim1-entero1600-noswim35cfu-CI-bypointsource.pdf> </users/benarnold/dropbox/1
3beaches/aim1-results/figs/aim1-enteroQPCR-noswim470cce-CI-bypointsource.pdf>]
[22



]
</users/benarnold/dropbox/13beaches/aim1-results/figs/aim1-sens-swim-exposure-G
I-illness-byage.pdf, id=485, 1228.59pt x 361.35pt>
File: /users/benarnold/dropbox/13beaches/aim1-results/figs/aim1-sens-swim-expos
ure-GI-illness-byage.pdf Graphic file (type pdf)

<use /users/benarnold/dropbox/13beaches/aim1-results/figs/aim1-sens-swim-exposu
re-GI-illness-byage.pdf>
Package pdftex.def Info: /users/benarnold/dropbox/13beaches/aim1-results/figs/a
im1-sens-swim-exposure-GI-illness-byage.pdf used on input line 567.
(pdftex.def)             Requested size: 704.63252pt x 207.24532pt.

Overfull \hbox (54.20251pt too wide) in paragraph at lines 567--572
 [] 
 []

[23

 </users/benarnold/dropbox/13beaches/aim1-results/figs/aim1-sens-swim-exposure-
GI-illness-byage.pdf>]
</users/benarnold/dropbox/13beaches/aim1-results/figs/aim1-entero1600-noswim35c
fu-CI-GI-illness-byage.pdf, id=497, 939.51pt x 361.35pt>
File: /users/benarnold/dropbox/13beaches/aim1-results/figs/aim1-entero1600-nosw
im35cfu-CI-GI-illness-byage.pdf Graphic file (type pdf)

<use /users/benarnold/dropbox/13beaches/aim1-results/figs/aim1-entero1600-noswi
m35cfu-CI-GI-illness-byage.pdf>
Package pdftex.def Info: /users/benarnold/dropbox/13beaches/aim1-results/figs/a
im1-entero1600-noswim35cfu-CI-GI-illness-byage.pdf used on input line 583.
(pdftex.def)             Requested size: 704.63252pt x 271.01184pt.

Overfull \hbox (54.20251pt too wide) in paragraph at lines 583--588
 [] 
 []

[24 </users/benarnold/dropbox/13beaches/aim1-results/figs/aim1-entero1600-noswi
m35cfu-CI-GI-illness-byage.pdf>]
</users/benarnold/dropbox/13beaches/aim1-results/figs/aim1-entero1600-noswim35c
fu-CI-GI-illness-bypointsource.pdf, id=511, 794.97pt x 289.08pt>
File: /users/benarnold/dropbox/13beaches/aim1-results/figs/aim1-entero1600-nosw
im35cfu-CI-GI-illness-bypointsource.pdf Graphic file (type pdf)

<use /users/benarnold/dropbox/13beaches/aim1-results/figs/aim1-entero1600-noswi
m35cfu-CI-GI-illness-bypointsource.pdf>
Package pdftex.def Info: /users/benarnold/dropbox/13beaches/aim1-results/figs/a
im1-entero1600-noswim35cfu-CI-GI-illness-bypointsource.pdf used on input line 5
98.
(pdftex.def)             Requested size: 469.75502pt x 170.82478pt.
 [25



 </users/benarnold/dropbox/13beaches/aim1-results/figs/aim1-entero1600-noswim35
cfu-CI-GI-illness-bypointsource.pdf>] [26

]
</users/benarnold/dropbox/13beaches/aim1-results/figs/aim1-entero1600-Quartile-
CI-byage-body.pdf, id=542, 1156.32pt x 361.35pt>
File: /users/benarnold/dropbox/13beaches/aim1-results/figs/aim1-entero1600-Quar
tile-CI-byage-body.pdf Graphic file (type pdf)

<use /users/benarnold/dropbox/13beaches/aim1-results/figs/aim1-entero1600-Quart
ile-CI-byage-body.pdf>
Package pdftex.def Info: /users/benarnold/dropbox/13beaches/aim1-results/figs/a
im1-entero1600-Quartile-CI-byage-body.pdf used on input line 680.
(pdftex.def)             Requested size: 540.2154pt x 168.81448pt.

Overfull \hbox (70.46037pt too wide) in paragraph at lines 680--680
 [] 
 []


</users/benarnold/dropbox/13beaches/aim1-results/figs/aim1-entero1600-Quartile-
CI-byage-head.pdf, id=543, 1156.32pt x 361.35pt>
File: /users/benarnold/dropbox/13beaches/aim1-results/figs/aim1-entero1600-Quar
tile-CI-byage-head.pdf Graphic file (type pdf)

<use /users/benarnold/dropbox/13beaches/aim1-results/figs/aim1-entero1600-Quart
ile-CI-byage-head.pdf>
Package pdftex.def Info: /users/benarnold/dropbox/13beaches/aim1-results/figs/a
im1-entero1600-Quartile-CI-byage-head.pdf used on input line 681.
(pdftex.def)             Requested size: 540.2154pt x 168.81448pt.

Overfull \hbox (70.46037pt too wide) in paragraph at lines 681--681
 [][] 
 []


</users/benarnold/dropbox/13beaches/aim1-results/figs/aim1-entero1600-Quartile-
CI-byage-swall.pdf, id=544, 1156.32pt x 361.35pt>
File: /users/benarnold/dropbox/13beaches/aim1-results/figs/aim1-entero1600-Quar
tile-CI-byage-swall.pdf Graphic file (type pdf)

<use /users/benarnold/dropbox/13beaches/aim1-results/figs/aim1-entero1600-Quart
ile-CI-byage-swall.pdf>
Package pdftex.def Info: /users/benarnold/dropbox/13beaches/aim1-results/figs/a
im1-entero1600-Quartile-CI-byage-swall.pdf used on input line 682.
(pdftex.def)             Requested size: 540.2154pt x 168.81448pt.

Overfull \hbox (70.46037pt too wide) in paragraph at lines 682--683
 [][] 
 []

[27

] [28 </users/benarnold/dropbox/13beaches/aim1-results/figs/aim1-entero1600-Qua
rtile-CI-byage-body.pdf> </users/benarnold/dropbox/13beaches/aim1-results/figs/
aim1-entero1600-Quartile-CI-byage-head.pdf> </users/benarnold/dropbox/13beaches
/aim1-results/figs/aim1-entero1600-Quartile-CI-byage-swall.pdf>]
</users/benarnold/dropbox/13beaches/aim1-results/figs/aim1-sens-entero1600-dose
-response-curve.pdf, id=588, 361.35pt x 505.89pt>
File: /users/benarnold/dropbox/13beaches/aim1-results/figs/aim1-sens-entero1600
-dose-response-curve.pdf Graphic file (type pdf)

<use /users/benarnold/dropbox/13beaches/aim1-results/figs/aim1-sens-entero1600-
dose-response-curve.pdf>
Package pdftex.def Info: /users/benarnold/dropbox/13beaches/aim1-results/figs/a
im1-sens-entero1600-dose-response-curve.pdf used on input line 701.
(pdftex.def)             Requested size: 352.31625pt x 493.24461pt.
 [29

] [30 </users/benarnold/dropbox/13beaches/aim1-results/figs/aim1-sens-entero160
0-dose-response-curve.pdf>]
</users/benarnold/dropbox/13beaches/aim1-results/figs/aim1-sens-entero1600-dose
-response-curve-age0to4.pdf, id=611, 361.35pt x 505.89pt>
File: /users/benarnold/dropbox/13beaches/aim1-results/figs/aim1-sens-entero1600
-dose-response-curve-age0to4.pdf Graphic file (type pdf)

<use /users/benarnold/dropbox/13beaches/aim1-results/figs/aim1-sens-entero1600-
dose-response-curve-age0to4.pdf>
Package pdftex.def Info: /users/benarnold/dropbox/13beaches/aim1-results/figs/a
im1-sens-entero1600-dose-response-curve-age0to4.pdf used on input line 711.
(pdftex.def)             Requested size: 201.99121pt x 282.78699pt.

</users/benarnold/dropbox/13beaches/aim1-results/figs/aim1-sens-entero1600-dose
-response-curve-age5to10.pdf, id=612, 361.35pt x 505.89pt>
File: /users/benarnold/dropbox/13beaches/aim1-results/figs/aim1-sens-entero1600
-dose-response-curve-age5to10.pdf Graphic file (type pdf)

<use /users/benarnold/dropbox/13beaches/aim1-results/figs/aim1-sens-entero1600-
dose-response-curve-age5to10.pdf>
Package pdftex.def Info: /users/benarnold/dropbox/13beaches/aim1-results/figs/a
im1-sens-entero1600-dose-response-curve-age5to10.pdf used on input line 712.
(pdftex.def)             Requested size: 201.99121pt x 282.78699pt.

</users/benarnold/dropbox/13beaches/aim1-results/figs/aim1-sens-entero1600-dose
-response-curve-age11plus.pdf, id=613, 361.35pt x 505.89pt>
File: /users/benarnold/dropbox/13beaches/aim1-results/figs/aim1-sens-entero1600
-dose-response-curve-age11plus.pdf Graphic file (type pdf)

<use /users/benarnold/dropbox/13beaches/aim1-results/figs/aim1-sens-entero1600-
dose-response-curve-age11plus.pdf>
Package pdftex.def Info: /users/benarnold/dropbox/13beaches/aim1-results/figs/a
im1-sens-entero1600-dose-response-curve-age11plus.pdf used on input line 713.
(pdftex.def)             Requested size: 201.99121pt x 282.78699pt.
 [31

 </users/benarnold/dropbox/13beaches/aim1-results/figs/aim1-sens-entero1600-dos
e-response-curve-age0to4.pdf> </users/benarnold/dropbox/13beaches/aim1-results/
figs/aim1-sens-entero1600-dose-response-curve-age5to10.pdf> </users/benarnold/d
ropbox/13beaches/aim1-results/figs/aim1-sens-entero1600-dose-response-curve-age
11plus.pdf>]
</users/benarnold/dropbox/13beaches/aim1-results/figs/aim1-sens-entero1600-dose
-response-curve-ps.pdf, id=637, 361.35pt x 505.89pt>
File: /users/benarnold/dropbox/13beaches/aim1-results/figs/aim1-sens-entero1600
-dose-response-curve-ps.pdf Graphic file (type pdf)

<use /users/benarnold/dropbox/13beaches/aim1-results/figs/aim1-sens-entero1600-
dose-response-curve-ps.pdf>
Package pdftex.def Info: /users/benarnold/dropbox/13beaches/aim1-results/figs/a
im1-sens-entero1600-dose-response-curve-ps.pdf used on input line 723.
(pdftex.def)             Requested size: 201.99121pt x 282.78699pt.

</users/benarnold/dropbox/13beaches/aim1-results/figs/aim1-sens-entero1600-dose
-response-curve-nps.pdf, id=638, 361.35pt x 505.89pt>
File: /users/benarnold/dropbox/13beaches/aim1-results/figs/aim1-sens-entero1600
-dose-response-curve-nps.pdf Graphic file (type pdf)

<use /users/benarnold/dropbox/13beaches/aim1-results/figs/aim1-sens-entero1600-
dose-response-curve-nps.pdf>
Package pdftex.def Info: /users/benarnold/dropbox/13beaches/aim1-results/figs/a
im1-sens-entero1600-dose-response-curve-nps.pdf used on input line 724.
(pdftex.def)             Requested size: 201.99121pt x 282.78699pt.
 [32


 </users/benarnold/dropbox/13beaches/aim1-results/figs/aim1-sens-entero1600-dos
e-response-curve-ps.pdf> </users/benarnold/dropbox/13beaches/aim1-results/figs/
aim1-sens-entero1600-dose-response-curve-nps.pdf>]
</users/benarnold/dropbox/13beaches/aim1-results/figs/aim1-sens-enteroQPCR-dose
-response-curve.pdf, id=655, 361.35pt x 505.89pt>
File: /users/benarnold/dropbox/13beaches/aim1-results/figs/aim1-sens-enteroQPCR
-dose-response-curve.pdf Graphic file (type pdf)

<use /users/benarnold/dropbox/13beaches/aim1-results/figs/aim1-sens-enteroQPCR-
dose-response-curve.pdf>
Package pdftex.def Info: /users/benarnold/dropbox/13beaches/aim1-results/figs/a
im1-sens-enteroQPCR-dose-response-curve.pdf used on input line 735.
(pdftex.def)             Requested size: 352.31625pt x 493.24461pt.
 [33

 </users/benarnold/dropbox/13beaches/aim1-results/figs/aim1-sens-enteroQPCR-dos
e-response-curve.pdf>]
</users/benarnold/dropbox/13beaches/aim1-results/figs/aim1-sens-enteroQPCR-dose
-response-curve-age0to4.pdf, id=666, 361.35pt x 505.89pt>
File: /users/benarnold/dropbox/13beaches/aim1-results/figs/aim1-sens-enteroQPCR
-dose-response-curve-age0to4.pdf Graphic file (type pdf)

<use /users/benarnold/dropbox/13beaches/aim1-results/figs/aim1-sens-enteroQPCR-
dose-response-curve-age0to4.pdf>
Package pdftex.def Info: /users/benarnold/dropbox/13beaches/aim1-results/figs/a
im1-sens-enteroQPCR-dose-response-curve-age0to4.pdf used on input line 745.
(pdftex.def)             Requested size: 201.99121pt x 282.78699pt.

</users/benarnold/dropbox/13beaches/aim1-results/figs/aim1-sens-enteroQPCR-dose
-response-curve-age5to10.pdf, id=667, 361.35pt x 505.89pt>
File: /users/benarnold/dropbox/13beaches/aim1-results/figs/aim1-sens-enteroQPCR
-dose-response-curve-age5to10.pdf Graphic file (type pdf)

<use /users/benarnold/dropbox/13beaches/aim1-results/figs/aim1-sens-enteroQPCR-
dose-response-curve-age5to10.pdf>
Package pdftex.def Info: /users/benarnold/dropbox/13beaches/aim1-results/figs/a
im1-sens-enteroQPCR-dose-response-curve-age5to10.pdf used on input line 746.
(pdftex.def)             Requested size: 201.99121pt x 282.78699pt.

</users/benarnold/dropbox/13beaches/aim1-results/figs/aim1-sens-enteroQPCR-dose
-response-curve-age11plus.pdf, id=668, 361.35pt x 505.89pt>
File: /users/benarnold/dropbox/13beaches/aim1-results/figs/aim1-sens-enteroQPCR
-dose-response-curve-age11plus.pdf Graphic file (type pdf)

<use /users/benarnold/dropbox/13beaches/aim1-results/figs/aim1-sens-enteroQPCR-
dose-response-curve-age11plus.pdf>
Package pdftex.def Info: /users/benarnold/dropbox/13beaches/aim1-results/figs/a
im1-sens-enteroQPCR-dose-response-curve-age11plus.pdf used on input line 747.
(pdftex.def)             Requested size: 201.99121pt x 282.78699pt.
 [34

 </users/benarnold/dropbox/13beaches/aim1-results/figs/aim1-sens-enteroQPCR-dos
e-response-curve-age0to4.pdf> </users/benarnold/dropbox/13beaches/aim1-results/
figs/aim1-sens-enteroQPCR-dose-response-curve-age5to10.pdf> </users/benarnold/d
ropbox/13beaches/aim1-results/figs/aim1-sens-enteroQPCR-dose-response-curve-age
11plus.pdf>]
</users/benarnold/dropbox/13beaches/aim1-results/figs/aim1-sens-enteroQPCR-dose
-response-curve-ps.pdf, id=691, 361.35pt x 505.89pt>
File: /users/benarnold/dropbox/13beaches/aim1-results/figs/aim1-sens-enteroQPCR
-dose-response-curve-ps.pdf Graphic file (type pdf)

<use /users/benarnold/dropbox/13beaches/aim1-results/figs/aim1-sens-enteroQPCR-
dose-response-curve-ps.pdf>
Package pdftex.def Info: /users/benarnold/dropbox/13beaches/aim1-results/figs/a
im1-sens-enteroQPCR-dose-response-curve-ps.pdf used on input line 757.
(pdftex.def)             Requested size: 201.99121pt x 282.78699pt.

</users/benarnold/dropbox/13beaches/aim1-results/figs/aim1-sens-enteroQPCR-dose
-response-curve-nps.pdf, id=692, 361.35pt x 505.89pt>
File: /users/benarnold/dropbox/13beaches/aim1-results/figs/aim1-sens-enteroQPCR
-dose-response-curve-nps.pdf Graphic file (type pdf)

<use /users/benarnold/dropbox/13beaches/aim1-results/figs/aim1-sens-enteroQPCR-
dose-response-curve-nps.pdf>
Package pdftex.def Info: /users/benarnold/dropbox/13beaches/aim1-results/figs/a
im1-sens-enteroQPCR-dose-response-curve-nps.pdf used on input line 758.
(pdftex.def)             Requested size: 201.99121pt x 282.78699pt.
 [35


 </users/benarnold/dropbox/13beaches/aim1-results/figs/aim1-sens-enteroQPCR-dos
e-response-curve-ps.pdf> </users/benarnold/dropbox/13beaches/aim1-results/figs/
aim1-sens-enteroQPCR-dose-response-curve-nps.pdf>]
</users/benarnold/dropbox/13beaches/aim1-results/figs/aim1-daily-incidence-curv
es.pdf, id=716, 505.89pt x 505.89pt>
File: /users/benarnold/dropbox/13beaches/aim1-results/figs/aim1-daily-incidence
-curves.pdf Graphic file (type pdf)

<use /users/benarnold/dropbox/13beaches/aim1-results/figs/aim1-daily-incidence-
curves.pdf>
Package pdftex.def Info: /users/benarnold/dropbox/13beaches/aim1-results/figs/a
im1-daily-incidence-curves.pdf used on input line 774.
(pdftex.def)             Requested size: 281.85587pt x 281.86067pt.
 [36

 </users/benarnold/dropbox/13beaches/aim1-results/figs/aim1-daily-incidence-cur
ves.pdf>]
Underfull \hbox (badness 10000) in paragraph at lines 782--783

 []


</users/benarnold/dropbox/13beaches/aim1-results/figs/aim1-sens-swim-exposure-l
ength-of-follow-up.pdf, id=729, 505.89pt x 361.35pt>
File: /users/benarnold/dropbox/13beaches/aim1-results/figs/aim1-sens-swim-expos
ure-length-of-follow-up.pdf Graphic file (type pdf)

<use /users/benarnold/dropbox/13beaches/aim1-results/figs/aim1-sens-swim-exposu
re-length-of-follow-up.pdf>
Package pdftex.def Info: /users/benarnold/dropbox/13beaches/aim1-results/figs/a
im1-sens-swim-exposure-length-of-follow-up.pdf used on input line 785.
(pdftex.def)             Requested size: 211.38832pt x 150.99403pt.

</users/benarnold/dropbox/13beaches/aim1-results/figs/aim1-sens-entero1600-Quar
tile-length-of-follow-up.pdf, id=730, 505.89pt x 867.24pt>
File: /users/benarnold/dropbox/13beaches/aim1-results/figs/aim1-sens-entero1600
-Quartile-length-of-follow-up.pdf Graphic file (type pdf)

<use /users/benarnold/dropbox/13beaches/aim1-results/figs/aim1-sens-entero1600-
Quartile-length-of-follow-up.pdf>
Package pdftex.def Info: /users/benarnold/dropbox/13beaches/aim1-results/figs/a
im1-sens-entero1600-Quartile-length-of-follow-up.pdf used on input line 786.
(pdftex.def)             Requested size: 211.38832pt x 362.3857pt.

</users/benarnold/dropbox/13beaches/aim1-results/figs/aim1-sens-entero1600-35cf
u-length-of-follow-up.pdf, id=731, 505.89pt x 867.24pt>
File: /users/benarnold/dropbox/13beaches/aim1-results/figs/aim1-sens-entero1600
-35cfu-length-of-follow-up.pdf Graphic file (type pdf)

<use /users/benarnold/dropbox/13beaches/aim1-results/figs/aim1-sens-entero1600-
35cfu-length-of-follow-up.pdf>
Package pdftex.def Info: /users/benarnold/dropbox/13beaches/aim1-results/figs/a
im1-sens-entero1600-35cfu-length-of-follow-up.pdf used on input line 787.
(pdftex.def)             Requested size: 211.38832pt x 362.3857pt.
 [37 </users/benarnold/dropbox/13beaches/aim1-results/figs/aim1-sens-swim-expos
ure-length-of-follow-up.pdf> </users/benarnold/dropbox/13beaches/aim1-results/f
igs/aim1-sens-entero1600-Quartile-length-of-follow-up.pdf> </users/benarnold/dr
opbox/13beaches/aim1-results/figs/aim1-sens-entero1600-35cfu-length-of-follow-u
p.pdf>] [38



]
Overfull \hbox (64.47937pt too wide) in paragraph at lines 815--896
 [] 
 []


Underfull \hbox (badness 10000) in paragraph at lines 899--913

 []


LaTeX Warning: Float too large for page by 57.23564pt on input line 913.

[39]
Overfull \hbox (43.37161pt too wide) in paragraph at lines 922--1003
 [] 
 []


Underfull \hbox (badness 10000) in paragraph at lines 1006--1020

 []


LaTeX Warning: Float too large for page by 57.23564pt on input line 1020.

[40]
LaTeX Font Info:    Try loading font information for TS1+aer on input line 1110
.
 (/Library/Frameworks/R.framework/Resources/share/texmf/tex/latex/ts1aer.fd
File: ts1aer.fd 
)
LaTeX Font Info:    Font shape `TS1/aer/m/n' in size <12> not available
(Font)              Font shape `TS1/cmr/m/n' tried instead on input line 1110.
 [41



] 
AED: lastpage setting LastPage
[42]
Package atveryend Info: Empty hook `BeforeClearDocument' on input line 1114.
Package atveryend Info: Empty hook `AfterLastShipout' on input line 1114.
 (./13beaches-Supporting-Appendix-160126.aux)
Package atveryend Info: Executing hook `AtVeryEndDocument' on input line 1114.
Package atveryend Info: Executing hook `AtEndAfterFileList' on input line 1114.

Package rerunfilecheck Info: File `13beaches-Supporting-Appendix-160126.out' ha
s not changed.
(rerunfilecheck)             Checksum: 03FD347D94D5E733C958F8C3D4B1F1FF;537.
Package logreq Info: Writing requests to '13beaches-Supporting-Appendix-160126.
run.xml'.
\openout1 = `13beaches-Supporting-Appendix-160126.run.xml'.

 ) 
Here is how much of TeX's memory you used:
 13354 strings out of 493488
 224253 string characters out of 3141326
 450891 words of memory out of 3000000
 16219 multiletter control sequences out of 15000+200000
 52982 words of font info for 110 fonts, out of 3000000 for 9000
 957 hyphenation exceptions out of 8191
 39i,12n,47p,1492b,1028s stack positions out of 5000i,500n,10000p,200000b,50000s
{/usr/local/texlive/2012/texmf-dist/fonts/enc/dvips/cm-super/cm-super-ts1.enc
}</usr/local/texlive/2012/texmf-dist/fonts/type1/public/amsfonts/cm/cmbx10.pfb>
</usr/local/texlive/2012/texmf-dist/fonts/type1/public/amsfonts/cm/cmbx12.pfb><
/usr/local/texlive/2012/texmf-dist/fonts/type1/public/amsfonts/cm/cmbxti10.pfb>
</usr/local/texlive/2012/texmf-dist/fonts/type1/public/amsfonts/cm/cmmi10.pfb><
/usr/local/texlive/2012/texmf-dist/fonts/type1/public/amsfonts/cm/cmmi12.pfb></
usr/local/texlive/2012/texmf-dist/fonts/type1/public/amsfonts/cm/cmmi8.pfb></us
r/local/texlive/2012/texmf-dist/fonts/type1/public/amsfonts/cm/cmr10.pfb></usr/
local/texlive/2012/texmf-dist/fonts/type1/public/amsfonts/cm/cmr12.pfb></usr/lo
cal/texlive/2012/texmf-dist/fonts/type1/public/amsfonts/cm/cmr17.pfb></usr/loca
l/texlive/2012/texmf-dist/fonts/type1/public/amsfonts/cm/cmr6.pfb></usr/local/t
exlive/2012/texmf-dist/fonts/type1/public/amsfonts/cm/cmr7.pfb></usr/local/texl
ive/2012/texmf-dist/fonts/type1/public/amsfonts/cm/cmr8.pfb></usr/local/texlive
/2012/texmf-dist/fonts/type1/public/amsfonts/cm/cmsy10.pfb></usr/local/texlive/
2012/texmf-dist/fonts/type1/public/amsfonts/cm/cmsy6.pfb></usr/local/texlive/20
12/texmf-dist/fonts/type1/public/amsfonts/cm/cmsy8.pfb></usr/local/texlive/2012
/texmf-dist/fonts/type1/public/amsfonts/cm/cmti12.pfb></usr/local/texlive/2012/
texmf-dist/fonts/type1/public/amsfonts/cm/cmti8.pfb></usr/local/texlive/2012/te
xmf-dist/fonts/type1/public/cm-super/sfrm1200.pfb>
Output written on 13beaches-Supporting-Appendix-160126.pdf (42 pages, 2081865 b
ytes).
PDF statistics:
 894 PDF objects out of 1000 (max. 8388607)
 697 compressed objects within 7 object streams
 115 named destinations out of 1000 (max. 500000)
 244 words of extra memory for PDF output out of 10000 (max. 10000000)

